# JRE version: OpenJDK Runtime Environment JBR-11.0.14.1.1-1751.46-dcevm (11.0.14.1+1) (build 11.0.14.1+1-b1751.46)
# Java VM: Dynamic Code Evolution 64-Bit Server VM JBR-11.0.14.1.1-1751.46-dcevm (11.0.14.1+1-b1751.46, mixed mode, tiered, compressed oops, g1 gc, windows-amd64)
Heap:
 garbage-first heap   total 131072K, used 6022K [0x00000000a2400000, 0x0000000100000000)
  region size 1024K, 3 young (3072K), 3 survivors (3072K)
 Metaspace       used 18072K, capacity 18600K, committed 18816K, reserved 1067008K
  class space    used 1978K, capacity 2175K, committed 2176K, reserved 1048576K
GC Heap History (6 events):
Event: 1.499 GC heap before
{Heap before GC invocations=0 (full 0):
 garbage-first heap   total 131072K, used 14336K [0x00000000a2400000, 0x0000000100000000)
  region size 1024K, 14 young (14336K), 0 survivors (0K)
 Metaspace       used 12234K, capacity 12760K, committed 12800K, reserved 1060864K
  class space    used 1294K, capacity 1508K, committed 1536K, reserved 1048576K
}
Event: 1.505 GC heap after
{Heap after GC invocations=1 (full 0):
 garbage-first heap   total 131072K, used 3146K [0x00000000a2400000, 0x0000000100000000)
  region size 1024K, 2 young (2048K), 2 survivors (2048K)
 Metaspace       used 12234K, capacity 12760K, committed 12800K, reserved 1060864K
  class space    used 1294K, capacity 1508K, committed 1536K, reserved 1048576K
}
Event: 1.788 GC heap before
{Heap before GC invocations=1 (full 0):
 garbage-first heap   total 131072K, used 10314K [0x00000000a2400000, 0x0000000100000000)
  region size 1024K, 9 young (9216K), 2 survivors (2048K)
 Metaspace       used 14887K, capacity 15473K, committed 15616K, reserved 1062912K
  class space    used 1560K, capacity 1772K, committed 1792K, reserved 1048576K
}
Event: 1.793 GC heap after
{Heap after GC invocations=2 (full 0):
 garbage-first heap   total 131072K, used 4702K [0x00000000a2400000, 0x0000000100000000)
  region size 1024K, 2 young (2048K), 2 survivors (2048K)
 Metaspace       used 14887K, capacity 15473K, committed 15616K, reserved 1062912K
  class space    used 1560K, capacity 1772K, committed 1792K, reserved 1048576K
}
Event: 2.130 GC heap before
{Heap before GC invocations=2 (full 0):
 garbage-first heap   total 131072K, used 8798K [0x00000000a2400000, 0x0000000100000000)
  region size 1024K, 7 young (7168K), 2 survivors (2048K)
 Metaspace       used 18072K, capacity 18600K, committed 18816K, reserved 1067008K
  class space    used 1978K, capacity 2175K, committed 2176K, reserved 1048576K
}
Event: 2.134 GC heap after
{Heap after GC invocations=3 (full 0):
 garbage-first heap   total 131072K, used 6022K [0x00000000a2400000, 0x0000000100000000)
  region size 1024K, 3 young (3072K), 3 survivors (3072K)
 Metaspace       used 18072K, capacity 18600K, committed 18816K, reserved 1067008K
  class space    used 1978K, capacity 2175K, committed 2176K, reserved 1048576K
}

